<?xml version="1.0" encoding="UTF-8"?>
<robot generator="Robot 7.0 (Python 3.12.2 on win32)" generated="2024-04-01T18:45:01.974968" rpa="false" schemaversion="5">
<suite id="s1" name="Teste" source="C:\Users\Rogerio\Desktop\ROGERIO\AUTOMAÇÃO ROBOT FRAMEWORK\Testes Robot Framework\teste.robot">
<test id="s1-t1" name="Cenário 1: Executar Vídeo no site do youtube" line="40">
<kw name="Dado que eu acesso o site do youtube">
<kw name="Open Browser" owner="SeleniumLibrary">
<msg time="2024-04-01T18:45:02.720661" level="INFO">Opening browser 'chrome' to base url 'https://www.youtube.com.br/'.</msg>
<arg>${URL}</arg>
<arg>${Browser}</arg>
<doc>Opens a new browser instance to the optional ``url``.</doc>
<status status="PASS" start="2024-04-01T18:45:02.719664" elapsed="16.557771"/>
</kw>
<status status="PASS" start="2024-04-01T18:45:02.718661" elapsed="16.559773"/>
</kw>
<kw name="Quando digito o nome da música">
<kw name="Input Text" owner="SeleniumLibrary">
<msg time="2024-04-01T18:45:19.412937" level="INFO">Typing text 'Ariana Grande Positions' into text field '//input[@id="search"]'.</msg>
<arg>${Input_Pesquisa}</arg>
<arg>${NomeDaMusica}</arg>
<doc>Types the given ``text`` into the text field identified by ``locator``.</doc>
<status status="PASS" start="2024-04-01T18:45:19.409942" elapsed="1.843998"/>
</kw>
<status status="PASS" start="2024-04-01T18:45:19.407941" elapsed="1.846999"/>
</kw>
<kw name="E clico no botão buscar">
<kw name="Click Element" owner="SeleniumLibrary">
<msg time="2024-04-01T18:45:21.259936" level="INFO">Clicking element '//button[@id="search-icon-legacy"]'.</msg>
<arg>${Button_Pesquisa}</arg>
<doc>Click the element identified by ``locator``.</doc>
<status status="PASS" start="2024-04-01T18:45:21.259936" elapsed="0.457721"/>
</kw>
<status status="PASS" start="2024-04-01T18:45:21.258938" elapsed="0.459717"/>
</kw>
<kw name="E clico na primeira opção da lista">
<kw name="Wait Until Element Is Visible" owner="SeleniumLibrary">
<arg>${Primeiro}</arg>
<arg>13</arg>
<doc>Waits until the element ``locator`` is visible.</doc>
<status status="PASS" start="2024-04-01T18:45:21.741640" elapsed="3.039079"/>
</kw>
<kw name="Click Element" owner="SeleniumLibrary">
<msg time="2024-04-01T18:45:24.781722" level="INFO">Clicking element '(//yt-formatted-string[@class="style-scope ytd-video-renderer"])[1]'.</msg>
<arg>${Primeiro}</arg>
<doc>Click the element identified by ``locator``.</doc>
<status status="PASS" start="2024-04-01T18:45:24.781722" elapsed="1.939753"/>
</kw>
<status status="PASS" start="2024-04-01T18:45:21.740640" elapsed="4.980835"/>
</kw>
<kw name="Então o vídeo é executado">
<kw name="Wait Until Element Is Visible" owner="SeleniumLibrary">
<arg>${Prova}</arg>
<arg>13</arg>
<doc>Waits until the element ``locator`` is visible.</doc>
<status status="PASS" start="2024-04-01T18:45:26.727464" elapsed="0.736551"/>
</kw>
<kw name="Element Should Be Visible" owner="SeleniumLibrary">
<msg time="2024-04-01T18:45:27.634905" level="INFO">Element '//button[@class='style-scope ytd-searchbox'][contains(.,'Pesquisa')]' is displayed.</msg>
<arg>${Prova}</arg>
<doc>Verifies that the element identified by ``locator`` is visible.</doc>
<status status="PASS" start="2024-04-01T18:45:27.465012" elapsed="0.169893"/>
</kw>
<kw name="Sleep" owner="BuiltIn">
<msg time="2024-04-01T18:45:52.637403" level="INFO">Slept 25 seconds.</msg>
<arg>25s</arg>
<doc>Pauses the test executed for the given time.</doc>
<status status="PASS" start="2024-04-01T18:45:27.635903" elapsed="25.001500"/>
</kw>
<kw name="Close Browser" owner="SeleniumLibrary">
<doc>Closes the current browser.</doc>
<status status="PASS" start="2024-04-01T18:45:52.637403" elapsed="4.171631"/>
</kw>
<status status="PASS" start="2024-04-01T18:45:26.727464" elapsed="30.082573"/>
</kw>
<status status="PASS" start="2024-04-01T18:45:02.716662" elapsed="54.100366"/>
</test>
<status status="PASS" start="2024-04-01T18:45:01.983961" elapsed="54.836066"/>
</suite>
<statistics>
<total>
<stat pass="1" fail="0" skip="0">All Tests</stat>
</total>
<tag>
</tag>
<suite>
<stat pass="1" fail="0" skip="0" id="s1" name="Teste">Teste</stat>
</suite>
</statistics>
<errors>
</errors>
</robot>
